<?xml version="1.0" encoding="UTF-8" ?>
<testsuite errors="0" failures="0" hostname="minmus" name="org.usfirst.frc.team2733.robot.testing.AdditionTest" skipped="0" tests="2" time="0.03" timestamp="2017-02-09T07:09:31">
  <properties>
    <property name="java.vendor" value="Oracle Corporation" />
    <property name="wpilib.sim" value="/home/alex/wpilib/simulation" />
    <property name="username" value="lvuser" />
    <property name="package" value="org.usfirst.frc.team2733.robot" />
    <property name="opencv.sources" value="/home/alex/wpilib/java/current/lib/opencv-sources.jar" />
    <property name="simulation.world.file" value="/usr/share/frcsim/worlds/GearsBotDemo.world" />
    <property name="sun.java.launcher" value="SUN_STANDARD" />
    <property name="eclipse.pdebuild.templates" value="/home/alex/Programs/java-neon/eclipse/../../../.p2/pool/plugins/org.eclipse.pde.build_3.9.200.v20160204-0642/templates//" />
    <property name="sun.management.compiler" value="HotSpot 64-Bit Tiered Compilers" />
    <property name="simulation.dist.jar" value="dist/FRCUserProgramSim.jar" />
    <property name="os.name" value="Linux" />
    <property name="java.test.reports.path" value="unitTests" />
    <property name="sun.boot.class.path" value="/usr/lib/jvm/java-8-openjdk-amd64/jre/lib/resources.jar:/usr/lib/jvm/java-8-openjdk-amd64/jre/lib/rt.jar:/usr/lib/jvm/java-8-openjdk-amd64/jre/lib/sunrsasign.jar:/usr/lib/jvm/java-8-openjdk-amd64/jre/lib/jsse.jar:/usr/lib/jvm/java-8-openjdk-amd64/jre/lib/jce.jar:/usr/lib/jvm/java-8-openjdk-amd64/jre/lib/charsets.jar:/usr/lib/jvm/java-8-openjdk-amd64/jre/lib/jfr.jar:/usr/lib/jvm/java-8-openjdk-amd64/jre/classes" />
    <property name="ant.file.athena-project-build" value="/home/alex/wpilib/java/current/ant/build.xml" />
    <property name="sun.desktop" value="gnome" />
    <property name="adminPassword" value="" />
    <property name="classpathProp" value="/home/alex/wpilib/java/current/lib/WPILib.jar:/home/alex/wpilib/java/current/lib/NetworkTables.jar:/home/alex/wpilib/java/current/lib/opencv.jar:/home/alex/wpilib/java/current/lib/cscore.jar" />
    <property name="java.vm.specification.vendor" value="Oracle Corporation" />
    <property name="ant.home" value="/home/alex/.p2/pool/plugins/org.apache.ant_1.9.6.v201510161327" />
    <property name="java.runtime.version" value="1.8.0_121-8u121-b13-0ubuntu1.16.04.2-b13" />
    <property name="command.dir" value="/home/lvuser/" />
    <property name="ant.file.FRC Deployment" value="/home/alex/git/SteamWorksSwerve/SteamWorksSwerve/build.xml" />
    <property name="adminUsername" value="admin" />
    <property name="user.name" value="alex" />
    <property name="java.test.libs.path" value="libs" />
    <property name="debug.flag.dir" value="/tmp/" />
    <property name="cscore.sources" value="/home/alex/wpilib/java/current/lib/cscore-sources.jar" />
    <property name="deploy.dir" value="/home/lvuser" />
    <property name="deploy.kill.command" value=". /etc/profile.d/natinst-path.sh; /usr/local/frc/bin/frcKillRobot.sh -t -r" />
    <property name="build.dir" value="build" />
    <property name="user.language" value="en" />
    <property name="ant.file.type.athena-project-build" value="file" />
    <property name="sun.boot.library.path" value="/usr/lib/jvm/java-8-openjdk-amd64/jre/lib/amd64" />
    <property name="networktables.sources" value="/home/alex/wpilib/java/current/lib/NetworkTables-sources.jar" />
    <property name="ant.project.default-target" value="deploy" />
    <property name="wpilib" value="/home/alex/wpilib/java/current" />
    <property name="ant.project.name" value="FRC Deployment" />
    <property name="wpilib.lib" value="/home/alex/wpilib/java/current/lib" />
    <property name="java.version" value="1.8.0_121" />
    <property name="version" value="current" />
    <property name="user.timezone" value="" />
    <property name="ant.file.type.FRC Deployment" value="file" />
    <property name="sun.arch.data.model" value="64" />
    <property name="classpath" value="/home/alex/wpilib/java/current/lib/WPILib.jar:/home/alex/wpilib/java/current/lib/NetworkTables.jar" />
    <property name="java.endorsed.dirs" value="/usr/lib/jvm/java-8-openjdk-amd64/jre/lib/endorsed" />
    <property name="jar" value="FRCUserProgram.jar" />
    <property name="sun.cpu.isalist" value="" />
    <property name="sun.jnu.encoding" value="UTF-8" />
    <property name="file.encoding.pkg" value="sun.io" />
    <property name="wpilib.ant.dir" value="/home/alex/wpilib/java/current/ant" />
    <property name="file.separator" value="/" />
    <property name="java.specification.name" value="Java Platform API Specification" />
    <property name="debug.flag.command" value="chown lvuser:ni /tmp/frcdebug" />
    <property name="java.class.version" value="52.0" />
    <property name="jsch.jar" value="/home/alex/wpilib/java/current/ant/jsch-0.1.50.jar" />
    <property name="user.country" value="US" />
    <property name="java.home" value="/usr/lib/jvm/java-8-openjdk-amd64/jre" />
    <property name="dist.dir" value="dist" />
    <property name="java.vm.info" value="mixed mode" />
    <property name="ant.file" value="/home/alex/git/SteamWorksSwerve/SteamWorksSwerve/build.xml" />
    <property name="os.version" value="4.4.0-62-generic" />
    <property name="opencv.jar" value="/home/alex/wpilib/java/current/lib/opencv.jar" />
    <property name="path.separator" value=":" />
    <property name="networktables.jar" value="/home/alex/wpilib/java/current/lib/NetworkTables.jar" />
    <property name="java.vm.version" value="25.121-b13" />
    <property name="ant.library.dir" value="/home/alex/.p2/pool/plugins/org.apache.ant_1.9.6.v201510161327/lib" />
    <property name="dist.jar" value="dist/FRCUserProgram.jar" />
    <property name="roboRIOJRE.dir" value="/usr/local/frc/JRE" />
    <property name="java.awt.printerjob" value="sun.print.PSPrinterJob" />
    <property name="sun.io.unicode.encoding" value="UnicodeLittle" />
    <property name="awt.toolkit" value="sun.awt.X11.XToolkit" />
    <property name="wpilib.sim.lib" value="/home/alex/wpilib/simulation/jar" />
    <property name="wpilib.jar" value="/home/alex/wpilib/java/current/lib/WPILib.jar" />
    <property name="eclipse.pdebuild.scripts" value="/home/alex/Programs/java-neon/eclipse/../../../.p2/pool/plugins/org.eclipse.pde.build_3.9.200.v20160204-0642/scripts//" />
    <property name="user.home" value="/home/alex" />
    <property name="java.specification.vendor" value="Oracle Corporation" />
    <property name="wpilib.sources" value="/home/alex/wpilib/java/current/lib/WPILib-sources.jar" />
    <property name="java.library.path" value="/usr/java/packages/lib/amd64:/usr/lib/x86_64-linux-gnu/jni:/lib/x86_64-linux-gnu:/usr/lib/x86_64-linux-gnu:/usr/lib/jni:/lib:/usr/lib" />
    <property name="java.vendor.url" value="http://java.oracle.com/" />
    <property name="java.vm.vendor" value="Oracle Corporation" />
    <property name="java.runtime.name" value="OpenJDK Runtime Environment" />
    <property name="ant.version" value="Apache Ant(TM) version 1.9.6 compiled on June 29 2015" />
    <property name="java.class.path" value="/home/alex/git/SteamWorksSwerve/SteamWorksSwerve/testClasses:/home/alex/git/SteamWorksSwerve/SteamWorksSwerve/build:/home/alex/git/SteamWorksSwerve/SteamWorksSwerve/build/org:/home/alex/git/SteamWorksSwerve/SteamWorksSwerve/build/org/usfirst:/home/alex/git/SteamWorksSwerve/SteamWorksSwerve/build/org/usfirst/frc:/home/alex/git/SteamWorksSwerve/SteamWorksSwerve/build/org/usfirst/frc/team2733:/home/alex/git/SteamWorksSwerve/SteamWorksSwerve/build/org/usfirst/frc/team2733/robot:/home/alex/git/SteamWorksSwerve/SteamWorksSwerve/libs/junit-4.12.jar:/home/alex/git/SteamWorksSwerve/SteamWorksSwerve/libs/hamcrest-core-1.3.jar:/home/alex/.p2/pool/plugins/org.apache.ant_1.9.6.v201510161327/lib/ant-launcher.jar:/home/alex/.p2/pool/plugins/org.apache.ant_1.9.6.v201510161327/lib/ant.jar:/home/alex/.p2/pool/plugins/org.apache.ant_1.9.6.v201510161327/lib/ant-junit.jar:/home/alex/.p2/pool/plugins/org.apache.ant_1.9.6.v201510161327/lib/ant-junit4.jar" />
    <property name="sun.java.command" value="org.apache.tools.ant.taskdefs.optional.junit.JUnitTestRunner org.usfirst.frc.team2733.robot.testing.AdditionTest skipNonTests=false filtertrace=true haltOnError=false haltOnFailure=false formatter=org.apache.tools.ant.taskdefs.optional.junit.SummaryJUnitResultFormatter showoutput=false outputtoformatters=true logfailedtests=true threadid=0 logtestlistenerevents=false formatter=org.apache.tools.ant.taskdefs.optional.junit.XMLJUnitResultFormatter,/home/alex/git/SteamWorksSwerve/SteamWorksSwerve/unitTests/TEST-org.usfirst.frc.team2733.robot.testing.AdditionTest.xml crashfile=/home/alex/git/SteamWorksSwerve/SteamWorksSwerve/junitvmwatcher6965192460232693317.properties propsfile=/home/alex/git/SteamWorksSwerve/SteamWorksSwerve/junit5778356124894471610.properties" />
    <property name="wpilib.sim.tools" value="/home/alex/wpilib/simulation/tools" />
    <property name="libDeploy.dir" value="/usr/local/frc/lib" />
    <property name="java.vm.specification.name" value="Java Virtual Machine Specification" />
    <property name="java.vm.specification.version" value="1.8" />
    <property name="sun.os.patch.level" value="unknown" />
    <property name="sun.cpu.endian" value="little" />
    <property name="java.io.tmpdir" value="/tmp" />
    <property name="eclipse.pdebuild.home" value="/home/alex/Programs/java-neon/eclipse/../../../.p2/pool/plugins/org.eclipse.pde.build_3.9.200.v20160204-0642/.//" />
    <property name="roboRIOAllowedYear" value="2017" />
    <property name="java.vendor.url.bug" value="http://bugreport.sun.com/bugreport/" />
    <property name="os.arch" value="amd64" />
    <property name="java.awt.graphicsenv" value="sun.awt.X11GraphicsEnvironment" />
    <property name="java.ext.dirs" value="/usr/lib/jvm/java-8-openjdk-amd64/jre/lib/ext:/usr/java/packages/lib/ext" />
    <property name="java.test.build.path" value="testClasses" />
    <property name="user.dir" value="/home/alex/git/SteamWorksSwerve/SteamWorksSwerve" />
    <property name="robot.class" value="org.usfirst.frc.team2733.robot.Robot" />
    <property name="roboRIOAllowedImages" value="8" />
    <property name="password" value="" />
    <property name="classloadertask.jar" value="/home/alex/wpilib/java/current/ant/ant-classloadertask.jar" />
    <property name="line.separator" value="&#xa;" />
    <property name="java.vm.name" value="OpenJDK 64-Bit Server VM" />
    <property name="basedir" value="/home/alex/git/SteamWorksSwerve/SteamWorksSwerve" />
    <property name="ant.java.version" value="1.8" />
    <property name="java.test.src.path" value="srcTest" />
    <property name="ant.core.lib" value="/home/alex/.p2/pool/plugins/org.apache.ant_1.9.6.v201510161327/lib/ant.jar" />
    <property name="file.encoding" value="UTF-8" />
    <property name="wpilib.native.lib" value="/home/alex/wpilib/java/current/lib/native/lib" />
    <property name="userLibs.dir" value="/home/alex/wpilib/user/java/lib" />
    <property name="java.specification.version" value="1.8" />
    <property name="src.dir" value="src" />
    <property name="cscore.jar" value="/home/alex/wpilib/java/current/lib/cscore.jar" />
    <property name="ant.project.invoked-targets" value="test" />
    <property name="build.jars" value="build/jars" />
  </properties>
  <testcase classname="org.usfirst.frc.team2733.robot.testing.AdditionTest" name="exampleTest" time="0.001" />
  <testcase classname="org.usfirst.frc.team2733.robot.testing.AdditionTest" name="robotMapTest" time="0.0" />
  <system-out><![CDATA[]]></system-out>
  <system-err><![CDATA[]]></system-err>
</testsuite>
