<?xml version="1.0" encoding="UTF-8" ?>
<testsuite errors="0" failures="0" hostname="DESKTOP-99F7BRI" name="org.usfirst.frc.team2733.robot.testing.AdditionTest" skipped="0" tests="2" time="0.101" timestamp="2017-02-14T01:00:40">
  <properties>
    <property name="java.vendor" value="Oracle Corporation" />
    <property name="wpilib.sim" value="C:\Users\User/wpilib/simulation" />
    <property name="username" value="lvuser" />
    <property name="package" value="org.usfirst.frc.team2733.robot" />
    <property name="opencv.sources" value="C:\Users\User/wpilib/java/current/lib/opencv-sources.jar" />
    <property name="simulation.world.file" value="/usr/share/frcsim/worlds/GearsBotDemo.world" />
    <property name="sun.java.launcher" value="SUN_STANDARD" />
    <property name="sun.management.compiler" value="HotSpot 64-Bit Tiered Compilers" />
    <property name="simulation.dist.jar" value="dist/FRCUserProgramSim.jar" />
    <property name="os.name" value="Windows 10" />
    <property name="java.test.reports.path" value="unitTests" />
    <property name="sun.boot.class.path" value="C:\Program Files (x86)\Java\jdk1.8.0_111\lib\resources.jar;C:\Program Files (x86)\Java\jdk1.8.0_111\lib\rt.jar;C:\Program Files (x86)\Java\jdk1.8.0_111\lib\sunrsasign.jar;C:\Program Files (x86)\Java\jdk1.8.0_111\lib\jsse.jar;C:\Program Files (x86)\Java\jdk1.8.0_111\lib\jce.jar;C:\Program Files (x86)\Java\jdk1.8.0_111\lib\charsets.jar;C:\Program Files (x86)\Java\jdk1.8.0_111\lib\jfr.jar;C:\Program Files (x86)\Java\jdk1.8.0_111\classes" />
    <property name="ant.file.athena-project-build" value="C:\Users\User\wpilib\java\current\ant\build.xml" />
    <property name="sun.desktop" value="windows" />
    <property name="adminPassword" value="" />
    <property name="classpathProp" value="C:\Users\User\wpilib\user\java\lib\CTRLib.jar;C:\Users\User\wpilib\java\current\lib\WPILib.jar;C:\Users\User\wpilib\java\current\lib\NetworkTables.jar;C:\Users\User\wpilib\java\current\lib\opencv.jar;C:\Users\User\wpilib\java\current\lib\cscore.jar" />
    <property name="java.vm.specification.vendor" value="Oracle Corporation" />
    <property name="ant.home" value="C:\eclipse\plugins\org.apache.ant_1.9.6.v201510161327" />
    <property name="java.runtime.version" value="1.8.0_111-b14" />
    <property name="command.dir" value="/home/lvuser/" />
    <property name="ant.file.FRC Deployment" value="C:\Users\User\git\SteamWorksSwerve\SteamWorksSwerve\build.xml" />
    <property name="adminUsername" value="admin" />
    <property name="user.name" value="User" />
    <property name="java.test.libs.path" value="libs" />
    <property name="debug.flag.dir" value="/tmp/" />
    <property name="cscore.sources" value="C:\Users\User/wpilib/java/current/lib/cscore-sources.jar" />
    <property name="deploy.dir" value="/home/lvuser" />
    <property name="deploy.kill.command" value=". /etc/profile.d/natinst-path.sh; /usr/local/frc/bin/frcKillRobot.sh -t -r" />
    <property name="build.dir" value="build" />
    <property name="user.language" value="en" />
    <property name="ant.file.type.athena-project-build" value="file" />
    <property name="sun.boot.library.path" value="C:\Program Files (x86)\Java\jdk1.8.0_111\bin" />
    <property name="networktables.sources" value="C:\Users\User/wpilib/java/current/lib/NetworkTables-sources.jar" />
    <property name="ant.project.default-target" value="deploy" />
    <property name="wpilib" value="C:\Users\User/wpilib/java/current" />
    <property name="ant.project.name" value="FRC Deployment" />
    <property name="wpilib.lib" value="C:\Users\User/wpilib/java/current/lib" />
    <property name="java.version" value="1.8.0_111" />
    <property name="version" value="current" />
    <property name="user.timezone" value="" />
    <property name="ant.file.type.FRC Deployment" value="file" />
    <property name="sun.arch.data.model" value="64" />
    <property name="classpath" value="C:\Users\User/wpilib/java/current/lib/WPILib.jar:C:\Users\User/wpilib/java/current/lib/NetworkTables.jar" />
    <property name="java.endorsed.dirs" value="C:\Program Files (x86)\Java\jdk1.8.0_111\lib\endorsed" />
    <property name="jar" value="FRCUserProgram.jar" />
    <property name="sun.cpu.isalist" value="amd64" />
    <property name="sun.jnu.encoding" value="Cp1252" />
    <property name="file.encoding.pkg" value="sun.io" />
    <property name="wpilib.ant.dir" value="C:\Users\User/wpilib/java/current/ant" />
    <property name="file.separator" value="\" />
    <property name="java.specification.name" value="Java Platform API Specification" />
    <property name="debug.flag.command" value="chown lvuser:ni /tmp/frcdebug" />
    <property name="java.class.version" value="52.0" />
    <property name="jsch.jar" value="C:\Users\User/wpilib/java/current/ant/jsch-0.1.50.jar" />
    <property name="user.country" value="US" />
    <property name="java.home" value="C:\Program Files (x86)\Java\jdk1.8.0_111" />
    <property name="dist.dir" value="dist" />
    <property name="java.vm.info" value="mixed mode" />
    <property name="ant.file" value="C:\Users\User\git\SteamWorksSwerve\SteamWorksSwerve\build.xml" />
    <property name="os.version" value="10.0" />
    <property name="team-number" value="2733" />
    <property name="opencv.jar" value="C:\Users\User/wpilib/java/current/lib/opencv.jar" />
    <property name="path.separator" value=";" />
    <property name="networktables.jar" value="C:\Users\User/wpilib/java/current/lib/NetworkTables.jar" />
    <property name="java.vm.version" value="25.111-b14" />
    <property name="user.variant" value="" />
    <property name="ant.library.dir" value="C:\eclipse\plugins\org.apache.ant_1.9.6.v201510161327\lib" />
    <property name="dist.jar" value="dist/FRCUserProgram.jar" />
    <property name="roboRIOJRE.dir" value="/usr/local/frc/JRE" />
    <property name="java.awt.printerjob" value="sun.awt.windows.WPrinterJob" />
    <property name="sun.io.unicode.encoding" value="UnicodeLittle" />
    <property name="awt.toolkit" value="sun.awt.windows.WToolkit" />
    <property name="user.script" value="" />
    <property name="wpilib.sim.lib" value="C:\Users\User/wpilib/simulation/jar" />
    <property name="wpilib.jar" value="C:\Users\User/wpilib/java/current/lib/WPILib.jar" />
    <property name="user.home" value="C:\Users\User" />
    <property name="java.specification.vendor" value="Oracle Corporation" />
    <property name="wpilib.sources" value="C:\Users\User/wpilib/java/current/lib/WPILib-sources.jar" />
    <property name="java.library.path" value="C:\Program Files (x86)\Java\jdk1.8.0_111\bin;C:\Windows\Sun\Java\bin;C:\Windows\system32;C:\Windows;C:/Program Files (x86)/Java/jdk1.8.0_111/bin/server;C:/Program Files (x86)/Java/jdk1.8.0_111/bin;C:/Program Files (x86)/Java/jdk1.8.0_111/lib/amd64;C:\ProgramData\Oracle\Java\javapath;C:\Windows\system32;C:\Windows;C:\Windows\System32\Wbem;C:\Windows\System32\WindowsPowerShell\v1.0\;C:\Program Files\Git\cmd;C:\Program Files\CMake\bin;C:\Program Files\TortoiseHg\;C:\Windows\system32\config\systemprofile\.dnx\bin;C:\Program Files\Microsoft DNX\Dnvm\;C:\Program Files\Microsoft SQL Server\130\Tools\Binn\;C:\Ruby22-x64\bin;C:\Users\User\AppData\Local\Microsoft\WindowsApps;C:\eclipse;;." />
    <property name="java.vendor.url" value="http://java.oracle.com/" />
    <property name="java.vm.vendor" value="Oracle Corporation" />
    <property name="java.runtime.name" value="Java(TM) SE Runtime Environment" />
    <property name="ant.version" value="Apache Ant(TM) version 1.9.6 compiled on June 29 2015" />
    <property name="java.class.path" value="C:\Users\User\git\SteamWorksSwerve\SteamWorksSwerve\testClasses;C:\Users\User\git\SteamWorksSwerve\SteamWorksSwerve\build;C:\Users\User\git\SteamWorksSwerve\SteamWorksSwerve\build\jars;C:\Users\User\git\SteamWorksSwerve\SteamWorksSwerve\build\org;C:\Users\User\git\SteamWorksSwerve\SteamWorksSwerve\build\org\usfirst;C:\Users\User\git\SteamWorksSwerve\SteamWorksSwerve\build\org\usfirst\frc;C:\Users\User\git\SteamWorksSwerve\SteamWorksSwerve\build\org\usfirst\frc\team2733;C:\Users\User\git\SteamWorksSwerve\SteamWorksSwerve\build\org\usfirst\frc\team2733\robot;C:\Users\User\git\SteamWorksSwerve\SteamWorksSwerve\build\org\usfirst\frc\team2733\robot\driveTrain;C:\Users\User\git\SteamWorksSwerve\SteamWorksSwerve\build\org\usfirst\frc\team2733\robot\enumerations;C:\Users\User\git\SteamWorksSwerve\SteamWorksSwerve\build\org\usfirst\frc\team2733\robot\swerve;C:\Users\User\git\SteamWorksSwerve\SteamWorksSwerve\libs\junit-4.12.jar;C:\Users\User\git\SteamWorksSwerve\SteamWorksSwerve\libs\hamcrest-core-1.3.jar;C:\eclipse\plugins\org.apache.ant_1.9.6.v201510161327\lib\ant-launcher.jar;C:\eclipse\plugins\org.apache.ant_1.9.6.v201510161327\lib\ant.jar;C:\eclipse\plugins\org.apache.ant_1.9.6.v201510161327\lib\ant-junit.jar;C:\eclipse\plugins\org.apache.ant_1.9.6.v201510161327\lib\ant-junit4.jar" />
    <property name="sun.java.command" value="org.apache.tools.ant.taskdefs.optional.junit.JUnitTestRunner org.usfirst.frc.team2733.robot.testing.AdditionTest skipNonTests=false filtertrace=true haltOnError=false haltOnFailure=false formatter=org.apache.tools.ant.taskdefs.optional.junit.SummaryJUnitResultFormatter showoutput=false outputtoformatters=true logfailedtests=true threadid=0 logtestlistenerevents=false formatter=org.apache.tools.ant.taskdefs.optional.junit.XMLJUnitResultFormatter,C:\Users\User\git\SteamWorksSwerve\SteamWorksSwerve\unitTests\TEST-org.usfirst.frc.team2733.robot.testing.AdditionTest.xml crashfile=C:\Users\User\git\SteamWorksSwerve\SteamWorksSwerve\junitvmwatcher5586282231238001161.properties propsfile=C:\Users\User\git\SteamWorksSwerve\SteamWorksSwerve\junit1928453263346528835.properties" />
    <property name="wpilib.sim.tools" value="C:\Users\User/wpilib/simulation/tools" />
    <property name="libDeploy.dir" value="/usr/local/frc/lib" />
    <property name="java.vm.specification.name" value="Java Virtual Machine Specification" />
    <property name="java.vm.specification.version" value="1.8" />
    <property name="sun.os.patch.level" value="" />
    <property name="sun.cpu.endian" value="little" />
    <property name="java.io.tmpdir" value="C:\Users\User\AppData\Local\Temp\" />
    <property name="roboRIOAllowedYear" value="2017" />
    <property name="java.vendor.url.bug" value="http://bugreport.sun.com/bugreport/" />
    <property name="os.arch" value="amd64" />
    <property name="java.awt.graphicsenv" value="sun.awt.Win32GraphicsEnvironment" />
    <property name="java.ext.dirs" value="C:\Program Files (x86)\Java\jdk1.8.0_111\lib\ext;C:\Windows\Sun\Java\lib\ext" />
    <property name="java.test.build.path" value="testClasses" />
    <property name="user.dir" value="C:\Users\User\git\SteamWorksSwerve\SteamWorksSwerve" />
    <property name="robot.class" value="org.usfirst.frc.team2733.robot.Robot" />
    <property name="roboRIOAllowedImages" value="8" />
    <property name="password" value="" />
    <property name="classloadertask.jar" value="C:\Users\User/wpilib/java/current/ant/ant-classloadertask.jar" />
    <property name="line.separator" value="&#xd;&#xa;" />
    <property name="java.vm.name" value="Java HotSpot(TM) 64-Bit Server VM" />
    <property name="basedir" value="C:\Users\User\git\SteamWorksSwerve\SteamWorksSwerve" />
    <property name="ant.java.version" value="1.8" />
    <property name="java.test.src.path" value="srcTest" />
    <property name="ant.core.lib" value="C:\eclipse\plugins\org.apache.ant_1.9.6.v201510161327\lib\ant.jar" />
    <property name="file.encoding" value="Cp1252" />
    <property name="wpilib.native.lib" value="C:\Users\User/wpilib/java/current/lib/native/lib" />
    <property name="userLibs.dir" value="C:\Users\User/wpilib/user/java/lib" />
    <property name="java.specification.version" value="1.8" />
    <property name="src.dir" value="src" />
    <property name="cscore.jar" value="C:\Users\User/wpilib/java/current/lib/cscore.jar" />
    <property name="ant.project.invoked-targets" value="test" />
    <property name="build.jars" value="build/jars" />
  </properties>
  <testcase classname="org.usfirst.frc.team2733.robot.testing.AdditionTest" name="exampleTest" time="0.002" />
  <testcase classname="org.usfirst.frc.team2733.robot.testing.AdditionTest" name="robotMapTest" time="0.001" />
  <system-out><![CDATA[]]></system-out>
  <system-err><![CDATA[]]></system-err>
</testsuite>
